<?xml version="1.0" encoding="UTF-8"?>
<!-- Generated by org.testng.reporters.JUnitXMLReporter -->
<testsuite ignored="1" hostname="DESKTOP-KUBNMO4" failures="0" tests="1" name="Orange HRM" time="34.221" errors="0" timestamp="2022-08-07T18:08:50 IST">
  <testcase classname="webpage.Parent" name="clickonQuickLaunchRun" time="20.772"/>
  <testcase classname="webpage.Parent" name="enterpersonaldetails" time="0.0">
    <ignored/>
  </testcase> <!-- enterpersonaldetails -->
</testsuite> <!-- Orange HRM -->
